<?xml version="1.0" ?>
<project>
  <publishers>
    <hudson.tasks.junit.JUnitResultArchiver>
      <testResults>nosetests-example.xml</testResults>
      <keepLongStdio>false</keepLongStdio>
      <testDataPublishers>
        <de.esailors.jenkins.teststability.StabilityTestDataPublisher/>
      </testDataPublishers>
    </hudson.tasks.junit.JUnitResultArchiver>
  </publishers>
</project>
