<?xml version="1.0" ?>
<project>
  <publishers>
    <hudson.tasks.junit.JUnitResultArchiver>
      <testResults>nosetests.xml</testResults>
      <keepLongStdio>true</keepLongStdio>
      <testDataPublishers/>
    </hudson.tasks.junit.JUnitResultArchiver>
  </publishers>
</project>
