<?xml version="1.0" encoding="utf-8"?>
<project>
  <publishers>
    <org.jenkinsci.plugins.testfairy.TestFairyAndroidRecorder plugin="TestFairy">
      <apiKey>apikey</apiKey>
      <appFile>/tmp/appfile.apk</appFile>
      <mappingFile>/tmp/proguardfile</mappingFile>
      <testersGroups>testergroups</testersGroups>
      <notifyTesters>true</notifyTesters>
      <autoUpdate>true</autoUpdate>
      <keystorePath>/tmp/keystorefile</keystorePath>
      <storepass>android</storepass>
      <alias>androiddebugkey</alias>
      <keypass>keypass</keypass>
      <maxDuration>10m</maxDuration>
      <recordOnBackground>false</recordOnBackground>
      <dataOnlyWifi>false</dataOnlyWifi>
      <isVideoEnabled>true</isVideoEnabled>
      <screenshotInterval>1</screenshotInterval>
      <videoQuality>high</videoQuality>
      <cpu>true</cpu>
      <memory>true</memory>
      <logs>true</logs>
      <network>true</network>
      <phoneSignal>true</phoneSignal>
      <wifi>true</wifi>
      <gps>false</gps>
      <battery>false</battery>
      <openGl>false</openGl>
      <advancedOptions/>
    </org.jenkinsci.plugins.testfairy.TestFairyAndroidRecorder>
  </publishers>
</project>
